# JRE version: OpenJDK Runtime Environment (8.0_202-b03) (build 1.8.0_202-release-1483-b03)
# Java VM: OpenJDK 64-Bit Server VM (25.202-b03 mixed mode windows-amd64 compressed oops)
Heap:
 PSYoungGen      total 194048K, used 178043K [0x00000000e0000000, 0x00000000ef780000, 0x0000000100000000)
  eden space 175104K, 90% used [0x00000000e0000000,0x00000000e9b5f098,0x00000000eab00000)
  from space 18944K, 99% used [0x00000000eab00000,0x00000000ebd7fdf8,0x00000000ebd80000)
  to   space 22016K, 0% used [0x00000000ee200000,0x00000000ee200000,0x00000000ef780000)
 ParOldGen       total 131584K, used 29306K [0x00000000a0000000, 0x00000000a8080000, 0x00000000e0000000)
  object space 131584K, 22% used [0x00000000a0000000,0x00000000a1c9e978,0x00000000a8080000)
 Metaspace       used 67872K, capacity 70368K, committed 70616K, reserved 1110016K
  class space    used 8876K, capacity 9383K, committed 9472K, reserved 1048576K
GC Heap History (10 events):
Event: 6.827 GC heap before
{Heap before GC invocations=12 (full 2):
 PSYoungGen      total 117760K, used 107008K [0x00000000e0000000, 0x00000000ea580000, 0x0000000100000000)
  eden space 107008K, 100% used [0x00000000e0000000,0x00000000e6880000,0x00000000e6880000)
  from space 10752K, 0% used [0x00000000e6880000,0x00000000e6880000,0x00000000e7300000)
  to   space 11776K, 0% used [0x00000000e9a00000,0x00000000e9a00000,0x00000000ea580000)
 ParOldGen       total 90112K, used 17294K [0x00000000a0000000, 0x00000000a5800000, 0x00000000e0000000)
  object space 90112K, 19% used [0x00000000a0000000,0x00000000a10e3a78,0x00000000a5800000)
 Metaspace       used 45360K, capacity 46318K, committed 46552K, reserved 1089536K
  class space    used 6083K, capacity 6319K, committed 6400K, reserved 1048576K
Event: 6.839 GC heap after
Heap after GC invocations=12 (full 2):
 PSYoungGen      total 148992K, used 11770K [0x00000000e0000000, 0x00000000ea580000, 0x0000000100000000)
  eden space 137216K, 0% used [0x00000000e0000000,0x00000000e0000000,0x00000000e8600000)
  from space 11776K, 99% used [0x00000000e9a00000,0x00000000ea57e820,0x00000000ea580000)
  to   space 13824K, 0% used [0x00000000e8a80000,0x00000000e8a80000,0x00000000e9800000)
 ParOldGen       total 90112K, used 19839K [0x00000000a0000000, 0x00000000a5800000, 0x00000000e0000000)
  object space 90112K, 22% used [0x00000000a0000000,0x00000000a135fc00,0x00000000a5800000)
 Metaspace       used 45360K, capacity 46318K, committed 46552K, reserved 1089536K
  class space    used 6083K, capacity 6319K, committed 6400K, reserved 1048576K
}
Event: 8.320 GC heap before
{Heap before GC invocations=13 (full 2):
 PSYoungGen      total 148992K, used 148986K [0x00000000e0000000, 0x00000000ea580000, 0x0000000100000000)
  eden space 137216K, 100% used [0x00000000e0000000,0x00000000e8600000,0x00000000e8600000)
  from space 11776K, 99% used [0x00000000e9a00000,0x00000000ea57e820,0x00000000ea580000)
  to   space 13824K, 0% used [0x00000000e8a80000,0x00000000e8a80000,0x00000000e9800000)
 ParOldGen       total 90112K, used 19839K [0x00000000a0000000, 0x00000000a5800000, 0x00000000e0000000)
  object space 90112K, 22% used [0x00000000a0000000,0x00000000a135fc00,0x00000000a5800000)
 Metaspace       used 56238K, capacity 57668K, committed 57816K, reserved 1099776K
  class space    used 7587K, capacity 7929K, committed 7936K, reserved 1048576K
Event: 8.340 GC heap after
Heap after GC invocations=13 (full 2):
 PSYoungGen      total 155648K, used 13818K [0x00000000e0000000, 0x00000000ecf80000, 0x0000000100000000)
  eden space 141824K, 0% used [0x00000000e0000000,0x00000000e0000000,0x00000000e8a80000)
  from space 13824K, 99% used [0x00000000e8a80000,0x00000000e97feae0,0x00000000e9800000)
  to   space 18432K, 0% used [0x00000000ebd80000,0x00000000ebd80000,0x00000000ecf80000)
 ParOldGen       total 90112K, used 27794K [0x00000000a0000000, 0x00000000a5800000, 0x00000000e0000000)
  object space 90112K, 30% used [0x00000000a0000000,0x00000000a1b24b18,0x00000000a5800000)
 Metaspace       used 56238K, capacity 57668K, committed 57816K, reserved 1099776K
  class space    used 7587K, capacity 7929K, committed 7936K, reserved 1048576K
}
Event: 8.520 GC heap before
{Heap before GC invocations=14 (full 2):
 PSYoungGen      total 155648K, used 35244K [0x00000000e0000000, 0x00000000ecf80000, 0x0000000100000000)
  eden space 141824K, 15% used [0x00000000e0000000,0x00000000e14ec860,0x00000000e8a80000)
  from space 13824K, 99% used [0x00000000e8a80000,0x00000000e97feae0,0x00000000e9800000)
  to   space 18432K, 0% used [0x00000000ebd80000,0x00000000ebd80000,0x00000000ecf80000)
 ParOldGen       total 90112K, used 27794K [0x00000000a0000000, 0x00000000a5800000, 0x00000000e0000000)
  object space 90112K, 30% used [0x00000000a0000000,0x00000000a1b24b18,0x00000000a5800000)
 Metaspace       used 57463K, capacity 58930K, committed 59028K, reserved 1099776K
  class space    used 7788K, capacity 8140K, committed 8192K, reserved 1048576K
Event: 8.527 GC heap after
Heap after GC invocations=14 (full 2):
 PSYoungGen      total 193536K, used 1773K [0x00000000e0000000, 0x00000000edd80000, 0x0000000100000000)
  eden space 175104K, 0% used [0x00000000e0000000,0x00000000e0000000,0x00000000eab00000)
  from space 18432K, 9% used [0x00000000ebd80000,0x00000000ebf3b798,0x00000000ecf80000)
  to   space 18944K, 0% used [0x00000000eab00000,0x00000000eab00000,0x00000000ebd80000)
 ParOldGen       total 90112K, used 34407K [0x00000000a0000000, 0x00000000a5800000, 0x00000000e0000000)
  object space 90112K, 38% used [0x00000000a0000000,0x00000000a2199ce0,0x00000000a5800000)
 Metaspace       used 57463K, capacity 58930K, committed 59028K, reserved 1099776K
  class space    used 7788K, capacity 8140K, committed 8192K, reserved 1048576K
}
Event: 8.527 GC heap before
{Heap before GC invocations=15 (full 3):
 PSYoungGen      total 193536K, used 1773K [0x00000000e0000000, 0x00000000edd80000, 0x0000000100000000)
  eden space 175104K, 0% used [0x00000000e0000000,0x00000000e0000000,0x00000000eab00000)
  from space 18432K, 9% used [0x00000000ebd80000,0x00000000ebf3b798,0x00000000ecf80000)
  to   space 18944K, 0% used [0x00000000eab00000,0x00000000eab00000,0x00000000ebd80000)
 ParOldGen       total 90112K, used 34407K [0x00000000a0000000, 0x00000000a5800000, 0x00000000e0000000)
  object space 90112K, 38% used [0x00000000a0000000,0x00000000a2199ce0,0x00000000a5800000)
 Metaspace       used 57463K, capacity 58930K, committed 59028K, reserved 1099776K
  class space    used 7788K, capacity 8140K, committed 8192K, reserved 1048576K
Event: 8.745 GC heap after
Heap after GC invocations=15 (full 3):
 PSYoungGen      total 193536K, used 0K [0x00000000e0000000, 0x00000000edd80000, 0x0000000100000000)
  eden space 175104K, 0% used [0x00000000e0000000,0x00000000e0000000,0x00000000eab00000)
  from space 18432K, 0% used [0x00000000ebd80000,0x00000000ebd80000,0x00000000ecf80000)
  to   space 18944K, 0% used [0x00000000eab00000,0x00000000eab00000,0x00000000ebd80000)
 ParOldGen       total 131584K, used 28884K [0x00000000a0000000, 0x00000000a8080000, 0x00000000e0000000)
  object space 131584K, 21% used [0x00000000a0000000,0x00000000a1c353f8,0x00000000a8080000)
 Metaspace       used 57463K, capacity 58930K, committed 59028K, reserved 1099776K
  class space    used 7788K, capacity 8140K, committed 8192K, reserved 1048576K
}
Event: 10.727 GC heap before
{Heap before GC invocations=16 (full 3):
 PSYoungGen      total 193536K, used 175104K [0x00000000e0000000, 0x00000000edd80000, 0x0000000100000000)
  eden space 175104K, 100% used [0x00000000e0000000,0x00000000eab00000,0x00000000eab00000)
  from space 18432K, 0% used [0x00000000ebd80000,0x00000000ebd80000,0x00000000ecf80000)
  to   space 18944K, 0% used [0x00000000eab00000,0x00000000eab00000,0x00000000ebd80000)
 ParOldGen       total 131584K, used 28884K [0x00000000a0000000, 0x00000000a8080000, 0x00000000e0000000)
  object space 131584K, 21% used [0x00000000a0000000,0x00000000a1c353f8,0x00000000a8080000)
 Metaspace       used 62508K, capacity 64666K, committed 64984K, reserved 1105920K
  class space    used 8432K, capacity 8862K, committed 8960K, reserved 1048576K
Event: 10.741 GC heap after
Heap after GC invocations=16 (full 3):
 PSYoungGen      total 194048K, used 18943K [0x00000000e0000000, 0x00000000ef780000, 0x0000000100000000)
  eden space 175104K, 0% used [0x00000000e0000000,0x00000000e0000000,0x00000000eab00000)
  from space 18944K, 99% used [0x00000000eab00000,0x00000000ebd7fdf8,0x00000000ebd80000)
  to   space 22016K, 0% used [0x00000000ee200000,0x00000000ee200000,0x00000000ef780000)
 ParOldGen       total 131584K, used 29306K [0x00000000a0000000, 0x00000000a8080000, 0x00000000e0000000)
  object space 131584K, 22% used [0x00000000a0000000,0x00000000a1c9e978,0x00000000a8080000)
 Metaspace       used 62508K, capacity 64666K, committed 64984K, reserved 1105920K
  class space    used 8432K, capacity 8862K, committed 8960K, reserved 1048576K
}

